GPU: -1
# unit: 41
# Minibatch-size: 100000
# epoch: 200

[J     total [##................................................]  4.16%
this epoch [################..................................] 32.53%
       100 iter, 8 epoch / 200 epochs
       inf iters/sec. Estimated time to finish: 0:00:00.
[4A[J     total [####..............................................]  8.33%
this epoch [################################..................] 65.06%
       200 iter, 16 epoch / 200 epochs
    1.9662 iters/sec. Estimated time to finish: 0:18:40.100329.
[4A[J     total [######............................................] 12.49%
this epoch [################################################..] 97.59%
       300 iter, 24 epoch / 200 epochs
    1.9627 iters/sec. Estimated time to finish: 0:17:51.160577.
[4A[J     total [########..........................................] 16.65%
this epoch [###############...................................] 30.12%
       400 iter, 33 epoch / 200 epochs
    1.9617 iters/sec. Estimated time to finish: 0:17:00.727145.
[4A[J     total [##########........................................] 20.81%
this epoch [###############################...................] 62.65%
       500 iter, 41 epoch / 200 epochs
    1.9631 iters/sec. Estimated time to finish: 0:16:09.050531.
[4A[J     total [############......................................] 24.98%
this epoch [###############################################...] 95.18%
       600 iter, 49 epoch / 200 epochs
    1.9663 iters/sec. Estimated time to finish: 0:15:16.586020.
[4A[J     total [##############....................................] 29.14%
this epoch [#############.....................................] 27.70%
       700 iter, 58 epoch / 200 epochs
    1.9675 iters/sec. Estimated time to finish: 0:14:25.219402.
[4A[J     total [################..................................] 33.30%
this epoch [##############################....................] 60.23%
       800 iter, 66 epoch / 200 epochs
    1.9686 iters/sec. Estimated time to finish: 0:13:33.953621.
[4A[J     total [##################................................] 37.46%
this epoch [##############################################....] 92.76%
       900 iter, 74 epoch / 200 epochs
    1.9698 iters/sec. Estimated time to finish: 0:12:42.681393.
[4A[J     total [####################..............................] 41.63%
this epoch [############......................................] 25.29%
      1000 iter, 83 epoch / 200 epochs
    1.9703 iters/sec. Estimated time to finish: 0:11:51.726075.
[4A[J     total [######################............................] 45.79%
this epoch [############################......................] 57.82%
      1100 iter, 91 epoch / 200 epochs
    1.9706 iters/sec. Estimated time to finish: 0:11:00.867427.
[4A[J     total [########################..........................] 49.95%
this epoch [#############################################.....] 90.35%
      1200 iter, 99 epoch / 200 epochs
     1.972 iters/sec. Estimated time to finish: 0:10:09.697090.
[4A[J     total [###########################.......................] 54.11%
this epoch [###########.......................................] 22.88%
      1300 iter, 108 epoch / 200 epochs
    1.9731 iters/sec. Estimated time to finish: 0:09:18.668278.
[4A[J     total [#############################.....................] 58.28%
this epoch [###########################.......................] 55.41%
      1400 iter, 116 epoch / 200 epochs
    1.9744 iters/sec. Estimated time to finish: 0:08:27.657148.
[4A[J     total [###############################...................] 62.44%
this epoch [###########################################.......] 87.94%
      1500 iter, 124 epoch / 200 epochs
    1.9753 iters/sec. Estimated time to finish: 0:07:36.794655.
[4A[J     total [#################################.................] 66.60%
this epoch [##########........................................] 20.47%
      1600 iter, 133 epoch / 200 epochs
    1.9755 iters/sec. Estimated time to finish: 0:06:46.136580.
[4A[J     total [###################################...............] 70.76%
this epoch [##########################........................] 53.00%
      1700 iter, 141 epoch / 200 epochs
    1.9752 iters/sec. Estimated time to finish: 0:05:55.562281.
[4A[J     total [#####################################.............] 74.93%
this epoch [##########################################........] 85.53%
      1800 iter, 149 epoch / 200 epochs
    1.9752 iters/sec. Estimated time to finish: 0:05:04.941010.
[4A[J     total [#######################################...........] 79.09%
this epoch [#########.........................................] 18.06%
      1900 iter, 158 epoch / 200 epochs
    1.9757 iters/sec. Estimated time to finish: 0:04:14.247010.
[4A[J     total [#########################################.........] 83.25%
this epoch [#########################.........................] 50.58%
      2000 iter, 166 epoch / 200 epochs
    1.9763 iters/sec. Estimated time to finish: 0:03:23.576464.
[4A[J     total [###########################################.......] 87.42%
this epoch [#########################################.........] 83.11%
      2100 iter, 174 epoch / 200 epochs
    1.9769 iters/sec. Estimated time to finish: 0:02:32.922505.
[4A[J     total [#############################################.....] 91.58%
this epoch [#######...........................................] 15.64%
      2200 iter, 183 epoch / 200 epochs
    1.9767 iters/sec. Estimated time to finish: 0:01:42.350570.
[4A[J     total [###############################################...] 95.74%
this epoch [########################..........................] 48.17%
      2300 iter, 191 epoch / 200 epochs
    1.9752 iters/sec. Estimated time to finish: 0:00:51.801078.
[4A[J     total [#################################################.] 99.90%
this epoch [########################################..........] 80.70%
      2400 iter, 199 epoch / 200 epochs
    1.9753 iters/sec. Estimated time to finish: 0:00:01.173473.
[4A[J